Performing C SOURCE FILE Test CMAKE_HAVE_LIBC_PTHREAD failed with the following output:
Change Dir: /home/kvgroup/lmx/k2-graph/build/CMakeFiles/CMakeTmp

Run Build Command(s):/usr/bin/make cmTC_1004a/fast && /usr/bin/make -f CMakeFiles/cmTC_1004a.dir/build.make CMakeFiles/cmTC_1004a.dir/build
make[1]: Entering directory '/home/kvgroup/lmx/k2-graph/build/CMakeFiles/CMakeTmp'
Building C object CMakeFiles/cmTC_1004a.dir/src.c.o
/usr/bin/cc   -DCMAKE_HAVE_LIBC_PTHREAD   -o CMakeFiles/cmTC_1004a.dir/src.c.o   -c /home/kvgroup/lmx/k2-graph/build/CMakeFiles/CMakeTmp/src.c
Linking C executable cmTC_1004a
/usr/bin/cmake -E cmake_link_script CMakeFiles/cmTC_1004a.dir/link.txt --verbose=1
/usr/bin/cc  -DCMAKE_HAVE_LIBC_PTHREAD   -fuse-ld=bfd -static-libstdc++ -static-libgcc -no-pie -Wl,--compress-debug-sections=zlib -Wl,-allow-multiple-definition -Wl,--gc-sections -Wl,-allow-multiple-definition  CMakeFiles/cmTC_1004a.dir/src.c.o  -o cmTC_1004a 
/usr/bin/ld.bfd: CMakeFiles/cmTC_1004a.dir/src.c.o: in function `main':
src.c:(.text+0x46): undefined reference to `pthread_create'
/usr/bin/ld.bfd: src.c:(.text+0x52): undefined reference to `pthread_detach'
/usr/bin/ld.bfd: src.c:(.text+0x63): undefined reference to `pthread_join'
collect2: error: ld returned 1 exit status
make[1]: *** [CMakeFiles/cmTC_1004a.dir/build.make:87: cmTC_1004a] Error 1
make[1]: Leaving directory '/home/kvgroup/lmx/k2-graph/build/CMakeFiles/CMakeTmp'
make: *** [Makefile:121: cmTC_1004a/fast] Error 2


Source file was:
#include <pthread.h>

void* test_func(void* data)
{
  return data;
}

int main(void)
{
  pthread_t thread;
  pthread_create(&thread, NULL, test_func, NULL);
  pthread_detach(thread);
  pthread_join(thread, NULL);
  pthread_atfork(NULL, NULL, NULL);
  pthread_exit(NULL);

  return 0;
}

Determining if the function pthread_create exists in the pthreads failed with the following output:
Change Dir: /home/kvgroup/lmx/k2-graph/build/CMakeFiles/CMakeTmp

Run Build Command(s):/usr/bin/make cmTC_73ff4/fast && /usr/bin/make -f CMakeFiles/cmTC_73ff4.dir/build.make CMakeFiles/cmTC_73ff4.dir/build
make[1]: Entering directory '/home/kvgroup/lmx/k2-graph/build/CMakeFiles/CMakeTmp'
Building C object CMakeFiles/cmTC_73ff4.dir/CheckFunctionExists.c.o
/usr/bin/cc   -DCHECK_FUNCTION_EXISTS=pthread_create   -o CMakeFiles/cmTC_73ff4.dir/CheckFunctionExists.c.o   -c /usr/share/cmake-3.16/Modules/CheckFunctionExists.c
Linking C executable cmTC_73ff4
/usr/bin/cmake -E cmake_link_script CMakeFiles/cmTC_73ff4.dir/link.txt --verbose=1
/usr/bin/cc  -DCHECK_FUNCTION_EXISTS=pthread_create   -fuse-ld=bfd -static-libstdc++ -static-libgcc -no-pie -Wl,--compress-debug-sections=zlib -Wl,-allow-multiple-definition -Wl,--gc-sections -Wl,-allow-multiple-definition  CMakeFiles/cmTC_73ff4.dir/CheckFunctionExists.c.o  -o cmTC_73ff4  -lpthreads 
/usr/bin/ld.bfd: cannot find -lpthreads
collect2: error: ld returned 1 exit status
make[1]: *** [CMakeFiles/cmTC_73ff4.dir/build.make:87: cmTC_73ff4] Error 1
make[1]: Leaving directory '/home/kvgroup/lmx/k2-graph/build/CMakeFiles/CMakeTmp'
make: *** [Makefile:121: cmTC_73ff4/fast] Error 2



